<?xml version="1.0" encoding="UTF-8"?>
<testng-results skipped="0" failed="0" ignored="0" total="1" passed="1">
  <reporter-output>
  </reporter-output>
  <suite name="Default suite" duration-ms="48749" started-at="2018-05-13T10:29:51Z" finished-at="2018-05-13T10:30:40Z">
    <groups>
    </groups>
    <test name="Default test" duration-ms="48749" started-at="2018-05-13T10:29:51Z" finished-at="2018-05-13T10:30:40Z">
      <class name="com.practice.jenkins.May12.Test1">
        <test-method status="PASS" signature="openAppln()[pri:0, instance:com.practice.jenkins.May12.Test1@27efef64]" name="openAppln" is-config="true" duration-ms="34245" started-at="2018-05-13T10:29:51Z" finished-at="2018-05-13T10:30:25Z">
          <reporter-output>
          </reporter-output>
        </test-method> <!-- openAppln -->
        <test-method status="PASS" signature="testLogin()[pri:0, instance:com.practice.jenkins.May12.Test1@27efef64]" name="testLogin" duration-ms="9839" started-at="2018-05-13T10:30:25Z" finished-at="2018-05-13T10:30:35Z">
          <reporter-output>
          </reporter-output>
        </test-method> <!-- testLogin -->
        <test-method status="PASS" signature="closeAppln()[pri:0, instance:com.practice.jenkins.May12.Test1@27efef64]" name="closeAppln" is-config="true" duration-ms="4606" started-at="2018-05-13T10:30:35Z" finished-at="2018-05-13T10:30:40Z">
          <reporter-output>
          </reporter-output>
        </test-method> <!-- closeAppln -->
      </class> <!-- com.practice.jenkins.May12.Test1 -->
    </test> <!-- Default test -->
  </suite> <!-- Default suite -->
</testng-results>
